All In One Videos StartApp/build/outputs/logs/manifest-merger-debug-report.txt
-- Merging decision tree log ---
manifest
ADDED from Android Code/All In One Videos StartApp/AndroidManifest.xml:2:1-122:12
	package
		ADDED from Android Code/All In One Videos StartApp/AndroidManifest.xml:3:5-42
	android:versionName
		ADDED from Android Code/All In One Videos StartApp/AndroidManifest.xml:5:5-30
		INJECTED from Android Code/All In One Videos StartApp/AndroidManifest.xml
		INJECTED from Android Code/All In One Videos StartApp/AndroidManifest.xml
	android:versionCode
		ADDED from Android Code/All In One Videos StartApp/AndroidManifest.xml:4:5-28
		INJECTED from Android Code/All In One Videos StartApp/AndroidManifest.xml
		INJECTED from Android Code/All In One Videos StartApp/AndroidManifest.xml
	xmlns:android
		ADDED from Android Code/All In One Videos StartApp/AndroidManifest.xml:2:11-69
uses-sdk
ADDED from Android Code/All In One Videos StartApp/AndroidManifest.xml:7:5-9:41
MERGED from [Android Code:actionbarsherlock:unspecified] AndroidManifest.xml:7:5-9:41
	android:targetSdkVersion
		ADDED from Android Code/All In One Videos StartApp/AndroidManifest.xml:9:9-38
	android:minSdkVersion
		ADDED from Android Code/All In One Videos StartApp/AndroidManifest.xml:8:9-34
uses-permission#android.permission.ACCESS_NETWORK_STATE
ADDED from Android Code/All In One Videos StartApp/AndroidManifest.xml:11:5-79
	android:name
		ADDED from Android Code/All In One Videos StartApp/AndroidManifest.xml:11:22-76
uses-permission#android.permission.INTERNET
ADDED from Android Code/All In One Videos StartApp/AndroidManifest.xml:12:5-67
	android:name
		ADDED from Android Code/All In One Videos StartApp/AndroidManifest.xml:12:22-64
uses-permission#android.permission.WRITE_EXTERNAL_STORAGE
ADDED from Android Code/All In One Videos StartApp/AndroidManifest.xml:13:5-81
	android:name
		ADDED from Android Code/All In One Videos StartApp/AndroidManifest.xml:13:22-78
uses-permission#android.permission.ACCESS_WIFI_STATE
ADDED from Android Code/All In One Videos StartApp/AndroidManifest.xml:14:5-76
	android:name
		ADDED from Android Code/All In One Videos StartApp/AndroidManifest.xml:14:22-73
uses-permission#android.permission.SYSTEM_ALERT_WINDOW
ADDED from Android Code/All In One Videos StartApp/AndroidManifest.xml:15:5-78
	android:name
		ADDED from Android Code/All In One Videos StartApp/AndroidManifest.xml:15:22-75
uses-permission#android.permission.GET_TASKS
ADDED from Android Code/All In One Videos StartApp/AndroidManifest.xml:16:5-68
	android:name
		ADDED from Android Code/All In One Videos StartApp/AndroidManifest.xml:16:22-65
uses-permission#android.permission.RECEIVE_BOOT_COMPLETED
ADDED from Android Code/All In One Videos StartApp/AndroidManifest.xml:17:5-81
	android:name
		ADDED from Android Code/All In One Videos StartApp/AndroidManifest.xml:17:22-78
uses-permission#android.permission.VIBRATE
ADDED from Android Code/All In One Videos StartApp/AndroidManifest.xml:18:5-66
	android:name
		ADDED from Android Code/All In One Videos StartApp/AndroidManifest.xml:18:22-63
uses-permission#android.permission.WAKE_LOCK
ADDED from Android Code/All In One Videos StartApp/AndroidManifest.xml:19:5-68
	android:name
		ADDED from Android Code/All In One Videos StartApp/AndroidManifest.xml:19:22-65
uses-permission#android.permission.GET_ACCOUNTS
ADDED from Android Code/All In One Videos StartApp/AndroidManifest.xml:20:5-71
	android:name
		ADDED from Android Code/All In One Videos StartApp/AndroidManifest.xml:20:22-68
uses-permission#com.google.android.c2dm.permission.RECEIVE
ADDED from Android Code/All In One Videos StartApp/AndroidManifest.xml:21:5-82
	android:name
		ADDED from Android Code/All In One Videos StartApp/AndroidManifest.xml:21:22-79
permission#com.viaviapp.allinonevideos.permission.C2D_MESSAGE
ADDED from Android Code/All In One Videos StartApp/AndroidManifest.xml:23:5-25:47
	android:protectionLevel
		ADDED from Android Code/All In One Videos StartApp/AndroidManifest.xml:25:9-44
	android:name
		ADDED from Android Code/All In One Videos StartApp/AndroidManifest.xml:24:9-74
uses-permission#com.viaviapp.allinonevideos.permission.C2D_MESSAGE
ADDED from Android Code/All In One Videos StartApp/AndroidManifest.xml:27:5-90
	android:name
		ADDED from Android Code/All In One Videos StartApp/AndroidManifest.xml:27:22-87
application
ADDED from Android Code/All In One Videos StartApp/AndroidManifest.xml:29:5-120:19
MERGED from [Android Code:actionbarsherlock:unspecified] AndroidManifest.xml:11:5-20
	android:label
		ADDED from Android Code/All In One Videos StartApp/AndroidManifest.xml:33:9-41
	android:allowBackup
		ADDED from Android Code/All In One Videos StartApp/AndroidManifest.xml:31:9-35
	android:icon
		ADDED from Android Code/All In One Videos StartApp/AndroidManifest.xml:32:9-38
	android:theme
		ADDED from Android Code/All In One Videos StartApp/AndroidManifest.xml:34:9-51
	android:name
		ADDED from Android Code/All In One Videos StartApp/AndroidManifest.xml:30:9-65
activity#com.viaviapp.allinonevideos.SplashActivity
ADDED from Android Code/All In One Videos StartApp/AndroidManifest.xml:35:9-43:20
	android:label
		ADDED from Android Code/All In One Videos StartApp/AndroidManifest.xml:37:13-45
	android:name
		ADDED from Android Code/All In One Videos StartApp/AndroidManifest.xml:36:13-70
intent-filter#android.intent.action.MAIN+android.intent.category.LAUNCHER
ADDED from Android Code/All In One Videos StartApp/AndroidManifest.xml:38:13-42:29
action#android.intent.action.MAIN
ADDED from Android Code/All In One Videos StartApp/AndroidManifest.xml:39:17-69
	android:name
		ADDED from Android Code/All In One Videos StartApp/AndroidManifest.xml:39:25-66
category#android.intent.category.LAUNCHER
ADDED from Android Code/All In One Videos StartApp/AndroidManifest.xml:41:17-77
	android:name
		ADDED from Android Code/All In One Videos StartApp/AndroidManifest.xml:41:27-74
activity#com.viaviapp.allinonevideos.MainActivity
ADDED from Android Code/All In One Videos StartApp/AndroidManifest.xml:44:9-47:20
	android:configChanges
		ADDED from Android Code/All In One Videos StartApp/AndroidManifest.xml:46:13-74
	android:name
		ADDED from Android Code/All In One Videos StartApp/AndroidManifest.xml:45:13-68
activity#com.viaviapp.allinonevideos.CategoryItem
ADDED from Android Code/All In One Videos StartApp/AndroidManifest.xml:48:9-51:20
	android:configChanges
		ADDED from Android Code/All In One Videos StartApp/AndroidManifest.xml:50:13-74
	android:name
		ADDED from Android Code/All In One Videos StartApp/AndroidManifest.xml:49:13-68
activity#com.viaviapp.allinonevideos.VideoPlay
ADDED from Android Code/All In One Videos StartApp/AndroidManifest.xml:52:9-55:20
	android:configChanges
		ADDED from Android Code/All In One Videos StartApp/AndroidManifest.xml:54:13-74
	android:name
		ADDED from Android Code/All In One Videos StartApp/AndroidManifest.xml:53:13-65
activity#com.viaviapp.allinonevideos.AboutActivity
ADDED from Android Code/All In One Videos StartApp/AndroidManifest.xml:56:9-57:20
	android:name
		ADDED from Android Code/All In One Videos StartApp/AndroidManifest.xml:56:19-75
activity#com.example.play.OpenYouTubePlayerActivity
ADDED from Android Code/All In One Videos StartApp/AndroidManifest.xml:58:9-64:20
	android:screenOrientation
		ADDED from Android Code/All In One Videos StartApp/AndroidManifest.xml:62:13-50
	android:label
		ADDED from Android Code/All In One Videos StartApp/AndroidManifest.xml:61:13-45
	android:configChanges
		ADDED from Android Code/All In One Videos StartApp/AndroidManifest.xml:60:13-48
	android:theme
		ADDED from Android Code/All In One Videos StartApp/AndroidManifest.xml:63:13-55
	android:name
		ADDED from Android Code/All In One Videos StartApp/AndroidManifest.xml:59:13-70
activity#com.startapp.android.publish.list3d.List3DActivity
ADDED from Android Code/All In One Videos StartApp/AndroidManifest.xml:68:9-71:52
	android:theme
		ADDED from Android Code/All In One Videos StartApp/AndroidManifest.xml:71:13-49
	android:taskAffinity
		ADDED from Android Code/All In One Videos StartApp/AndroidManifest.xml:70:13-71
	android:name
		ADDED from Android Code/All In One Videos StartApp/AndroidManifest.xml:69:13-78
activity#com.startapp.android.publish.AppWallActivity
ADDED from Android Code/All In One Videos StartApp/AndroidManifest.xml:72:9-76:64
	android:configChanges
		ADDED from Android Code/All In One Videos StartApp/AndroidManifest.xml:74:13-63
	android:theme
		ADDED from Android Code/All In One Videos StartApp/AndroidManifest.xml:76:13-61
	android:taskAffinity
		ADDED from Android Code/All In One Videos StartApp/AndroidManifest.xml:75:13-71
	android:name
		ADDED from Android Code/All In One Videos StartApp/AndroidManifest.xml:73:13-72
activity#com.example.youtube.YoutubePlay
ADDED from Android Code/All In One Videos StartApp/AndroidManifest.xml:79:9-82:20
	android:configChanges
		ADDED from Android Code/All In One Videos StartApp/AndroidManifest.xml:81:13-74
	android:name
		ADDED from Android Code/All In One Videos StartApp/AndroidManifest.xml:80:13-59
activity#com.example.dailymotion.DailyMotionPlay
ADDED from Android Code/All In One Videos StartApp/AndroidManifest.xml:84:9-88:20
	android:configChanges
		ADDED from Android Code/All In One Videos StartApp/AndroidManifest.xml:86:13-74
	android:theme
		ADDED from Android Code/All In One Videos StartApp/AndroidManifest.xml:87:13-66
	android:name
		ADDED from Android Code/All In One Videos StartApp/AndroidManifest.xml:85:13-67
activity#com.example.vimeo.Vimeo
ADDED from Android Code/All In One Videos StartApp/AndroidManifest.xml:91:9-95:20
	android:configChanges
		ADDED from Android Code/All In One Videos StartApp/AndroidManifest.xml:93:13-74
	android:theme
		ADDED from Android Code/All In One Videos StartApp/AndroidManifest.xml:94:13-66
	android:name
		ADDED from Android Code/All In One Videos StartApp/AndroidManifest.xml:92:13-51
service#com.parse.PushService
ADDED from Android Code/All In One Videos StartApp/AndroidManifest.xml:97:9-57
	android:name
		ADDED from Android Code/All In One Videos StartApp/AndroidManifest.xml:97:18-54
receiver#com.parse.ParseBroadcastReceiver
ADDED from Android Code/All In One Videos StartApp/AndroidManifest.xml:99:9-104:20
	android:name
		ADDED from Android Code/All In One Videos StartApp/AndroidManifest.xml:99:19-66
intent-filter#android.intent.action.BOOT_COMPLETED+android.intent.action.USER_PRESENT
ADDED from Android Code/All In One Videos StartApp/AndroidManifest.xml:100:13-103:29
action#android.intent.action.BOOT_COMPLETED
ADDED from Android Code/All In One Videos StartApp/AndroidManifest.xml:101:17-79
	android:name
		ADDED from Android Code/All In One Videos StartApp/AndroidManifest.xml:101:25-76
action#android.intent.action.USER_PRESENT
ADDED from Android Code/All In One Videos StartApp/AndroidManifest.xml:102:17-77
	android:name
		ADDED from Android Code/All In One Videos StartApp/AndroidManifest.xml:102:25-74
receiver#com.parse.GcmBroadcastReceiver
ADDED from Android Code/All In One Videos StartApp/AndroidManifest.xml:105:9-119:20
	android:permission
		ADDED from Android Code/All In One Videos StartApp/AndroidManifest.xml:107:13-73
	android:name
		ADDED from Android Code/All In One Videos StartApp/AndroidManifest.xml:106:13-58
intent-filter#com.google.android.c2dm.intent.RECEIVE+com.google.android.c2dm.intent.REGISTRATION+com.viaviapp.allinonevideos
ADDED from Android Code/All In One Videos StartApp/AndroidManifest.xml:108:13-118:29
action#com.google.android.c2dm.intent.RECEIVE
ADDED from Android Code/All In One Videos StartApp/AndroidManifest.xml:109:17-81
	android:name
		ADDED from Android Code/All In One Videos StartApp/AndroidManifest.xml:109:25-78
action#com.google.android.c2dm.intent.REGISTRATION
ADDED from Android Code/All In One Videos StartApp/AndroidManifest.xml:110:17-86
	android:name
		ADDED from Android Code/All In One Videos StartApp/AndroidManifest.xml:110:25-83
category#com.viaviapp.allinonevideos
ADDED from Android Code/All In One Videos StartApp/AndroidManifest.xml:117:17-72
	android:name
		ADDED from Android Code/All In One Videos StartApp/AndroidManifest.xml:117:27-69